Copyright 1986-2015 Xilinx, Inc. All Rights Reserved.
-----------------------------------------------------------------------------------------------------
| Tool Version     : Vivado v.2015.3 (win64) Build 1368829 Mon Sep 28 20:06:43 MDT 2015
| Date             : Fri Jul 07 15:43:21 2017
| Host             : D running 64-bit major release  (build 9200)
| Command          : report_power -file top_power_routed.rpt -pb top_power_summary_routed.pb
| Design           : top
| Device           : xc7a35tcpg236-1
| Design State     : routed
| Grade            : commercial
| Process          : typical
| Characterization : Production
-----------------------------------------------------------------------------------------------------

Power Report

Table of Contents
-----------------
1. Summary
1.1 On-Chip Components
1.2 Power Supply Summary
1.3 Confidence Level
2. Settings
2.1 Environment
2.2 Clock Constraints
3. Detailed Reports
3.1 By Hierarchy

1. Summary
----------

+--------------------------+-------+
| Total On-Chip Power (W)  | 0.085 |
| Dynamic (W)              | 0.014 |
| Device Static (W)        | 0.072 |
| Effective TJA (C/W)      | 5.0   |
| Max Ambient (C)          | 84.6  |
| Junction Temperature (C) | 25.4  |
| Confidence Level         | Low   |
| Setting File             | ---   |
| Simulation Activity File | ---   |
| Design Nets Matched      | NA    |
+--------------------------+-------+


1.1 On-Chip Components
----------------------

+--------------------------+-----------+----------+-----------+-----------------+
| On-Chip                  | Power (W) | Used     | Available | Utilization (%) |
+--------------------------+-----------+----------+-----------+-----------------+
| Clocks                   |     0.001 |        3 |       --- |             --- |
| Slice Logic              |     0.004 |     4021 |       --- |             --- |
|   LUT as Logic           |     0.004 |     1778 |     20800 |            8.55 |
|   Register               |    <0.001 |     1535 |     41600 |            3.69 |
|   CARRY4                 |    <0.001 |       51 |      8150 |            0.63 |
|   F7/F8 Muxes            |    <0.001 |      393 |     32600 |            1.21 |
|   BUFG                   |    <0.001 |        2 |        32 |            6.25 |
|   LUT as Distributed RAM |    <0.001 |      128 |      9600 |            1.33 |
|   Others                 |     0.000 |       10 |       --- |             --- |
| Signals                  |     0.008 |     3000 |       --- |             --- |
| I/O                      |    <0.001 |       34 |       106 |           32.08 |
| Static Power             |     0.072 |          |           |                 |
| Total                    |     0.085 |          |           |                 |
+--------------------------+-----------+----------+-----------+-----------------+


1.2 Power Supply Summary
------------------------

+-----------+-------------+-----------+-------------+------------+
| Source    | Voltage (V) | Total (A) | Dynamic (A) | Static (A) |
+-----------+-------------+-----------+-------------+------------+
| Vccint    |       1.000 |     0.023 |       0.013 |      0.010 |
| Vccaux    |       1.800 |     0.013 |       0.000 |      0.013 |
| Vcco33    |       3.300 |     0.001 |       0.000 |      0.001 |
| Vcco25    |       2.500 |     0.000 |       0.000 |      0.000 |
| Vcco18    |       1.800 |     0.000 |       0.000 |      0.000 |
| Vcco15    |       1.500 |     0.000 |       0.000 |      0.000 |
| Vcco135   |       1.350 |     0.000 |       0.000 |      0.000 |
| Vcco12    |       1.200 |     0.000 |       0.000 |      0.000 |
| Vccaux_io |       1.800 |     0.000 |       0.000 |      0.000 |
| Vccbram   |       1.000 |     0.000 |       0.000 |      0.000 |
| MGTAVcc   |       1.000 |     0.000 |       0.000 |      0.000 |
| MGTAVtt   |       1.200 |     0.000 |       0.000 |      0.000 |
| Vccadc    |       1.800 |     0.020 |       0.000 |      0.020 |
+-----------+-------------+-----------+-------------+------------+


1.3 Confidence Level
--------------------

+-----------------------------+------------+--------------------------------------------------------+--------------------------------------------------------------------------------------------------------------------+
| User Input Data             | Confidence | Details                                                | Action                                                                                                             |
+-----------------------------+------------+--------------------------------------------------------+--------------------------------------------------------------------------------------------------------------------+
| Design implementation state | High       | Design is routed                                       |                                                                                                                    |
| Clock nodes activity        | Low        | User specified less than 75% of clocks                 | Provide missing clock activity with a constraint file, simulation results or by editing the "By Clock Domain" view |
| I/O nodes activity          | Low        | More than 75% of inputs are missing user specification | Provide missing input activity with simulation results or by editing the "By Resource Type -> I/Os" view           |
| Internal nodes activity     | Medium     | User specified less than 25% of internal nodes         | Provide missing internal nodes activity with simulation results or by editing the "By Resource Type" views         |
| Device models               | High       | Device models are Production                           |                                                                                                                    |
|                             |            |                                                        |                                                                                                                    |
| Overall confidence level    | Low        |                                                        |                                                                                                                    |
+-----------------------------+------------+--------------------------------------------------------+--------------------------------------------------------------------------------------------------------------------+


2. Settings
-----------

2.1 Environment
---------------

+-----------------------+--------------------------+
| Ambient Temp (C)      | 25.0                     |
| ThetaJA (C/W)         | 5.0                      |
| Airflow (LFM)         | 250                      |
| Heat Sink             | medium (Medium Profile)  |
| ThetaSA (C/W)         | 4.6                      |
| Board Selection       | medium (10"x10")         |
| # of Board Layers     | 12to15 (12 to 15 Layers) |
| Board Temperature (C) | 25.0                     |
+-----------------------+--------------------------+


2.2 Clock Constraints
---------------------

+-------+--------+-----------------+
| Clock | Domain | Constraint (ns) |
+-------+--------+-----------------+
| CLK   | sysclk |            10.0 |
+-------+--------+-----------------+


3. Detailed Reports
-------------------

3.1 By Hierarchy
----------------

+-------------------------------+-----------+
| Name                          | Power (W) |
+-------------------------------+-----------+
| top                           |     0.014 |
|   processor                   |     0.012 |
|     ALU_mod                   |     0.001 |
|       shift                   |     0.001 |
|     data_memory               |    <0.001 |
|       RAMDATA_reg_0_255_0_0   |    <0.001 |
|       RAMDATA_reg_0_255_10_10 |    <0.001 |
|       RAMDATA_reg_0_255_11_11 |    <0.001 |
|       RAMDATA_reg_0_255_12_12 |    <0.001 |
|       RAMDATA_reg_0_255_13_13 |    <0.001 |
|       RAMDATA_reg_0_255_14_14 |    <0.001 |
|       RAMDATA_reg_0_255_15_15 |    <0.001 |
|       RAMDATA_reg_0_255_16_16 |    <0.001 |
|       RAMDATA_reg_0_255_17_17 |    <0.001 |
|       RAMDATA_reg_0_255_18_18 |    <0.001 |
|       RAMDATA_reg_0_255_19_19 |    <0.001 |
|       RAMDATA_reg_0_255_1_1   |    <0.001 |
|       RAMDATA_reg_0_255_20_20 |    <0.001 |
|       RAMDATA_reg_0_255_21_21 |    <0.001 |
|       RAMDATA_reg_0_255_22_22 |    <0.001 |
|       RAMDATA_reg_0_255_23_23 |    <0.001 |
|       RAMDATA_reg_0_255_24_24 |    <0.001 |
|       RAMDATA_reg_0_255_25_25 |    <0.001 |
|       RAMDATA_reg_0_255_26_26 |    <0.001 |
|       RAMDATA_reg_0_255_27_27 |    <0.001 |
|       RAMDATA_reg_0_255_28_28 |    <0.001 |
|       RAMDATA_reg_0_255_29_29 |    <0.001 |
|       RAMDATA_reg_0_255_2_2   |    <0.001 |
|       RAMDATA_reg_0_255_30_30 |    <0.001 |
|       RAMDATA_reg_0_255_31_31 |    <0.001 |
|       RAMDATA_reg_0_255_3_3   |    <0.001 |
|       RAMDATA_reg_0_255_4_4   |    <0.001 |
|       RAMDATA_reg_0_255_5_5   |    <0.001 |
|       RAMDATA_reg_0_255_6_6   |    <0.001 |
|       RAMDATA_reg_0_255_7_7   |    <0.001 |
|       RAMDATA_reg_0_255_8_8   |    <0.001 |
|       RAMDATA_reg_0_255_9_9   |    <0.001 |
|     peripheral                |     0.005 |
|       baud                    |    <0.001 |
|     register_file             |     0.001 |
+-------------------------------+-----------+


